Flutter crash report; please file at https://github.com/flutter/flutter/issues.

## command

flutter run

## exception

ProcessException: ProcessException: Process "C:\Users\Mohammed waseem\Desktop\shifa\shopapp_tut\android\gradlew.bat" exited abnormally:
Downloading http://services.gradle.org/distributions/gradle-4.10.2-all.zip

Unzipping C:\Users\Mohammed waseem\.gradle\wrapper\dists\gradle-4.10.2-all\bp288yfwol8yxtjk4hpsx4ovr\gradle-4.10.2-all.zip to C:\Users\Mohammed waseem\.gradle\wrapper\dists\gradle-4.10.2-all\bp288yfwol8yxtjk4hpsx4ovr

Exception in thread "main" java.util.zip.ZipException: error in opening zip file
	at java.util.zip.ZipFile.open(Native Method)
	at java.util.zip.ZipFile.<init>(ZipFile.java:225)
	at java.util.zip.ZipFile.<init>(ZipFile.java:155)
	at java.util.zip.ZipFile.<init>(ZipFile.java:169)
	at org.gradle.wrapper.Install.unzip(Install.java:214)
	at org.gradle.wrapper.Install.access$600(Install.java:27)
	at org.gradle.wrapper.Install$1.call(Install.java:74)
	at org.gradle.wrapper.Install$1.call(Install.java:48)
	at org.gradle.wrapper.ExclusiveFileAccessManager.access(ExclusiveFileAccessManager.java:65)
	at org.gradle.wrapper.Install.createDist(Install.java:48)
	at org.gradle.wrapper.WrapperExecutor.execute(WrapperExecutor.java:128)
	at org.gradle.wrapper.GradleWrapperMain.main(GradleWrapperMain.java:61)
  Command: C:\Users\Mohammed waseem\Desktop\shifa\shopapp_tut\android\gradlew.bat -v

```
#0      runCheckedAsync (package:flutter_tools/src/base/process.dart:255:5)
<asynchronous suspension>
#1      _initializeGradle (package:flutter_tools/src/android/gradle.dart:225:9)
<asynchronous suspension>
#2      _ensureGradle (package:flutter_tools/src/android/gradle.dart:206:37)
<asynchronous suspension>
#3      _readGradleProject (package:flutter_tools/src/android/gradle.dart:134:31)
<asynchronous suspension>
#4      _gradleProject (package:flutter_tools/src/android/gradle.dart:111:34)
<asynchronous suspension>
#5      getGradleAppOut (package:flutter_tools/src/android/gradle.dart:105:29)
<asynchronous suspension>
#6      AndroidApk.fromAndroidProject (package:flutter_tools/src/application_package.dart:154:23)
<asynchronous suspension>
#7      ApplicationPackageFactory.getPackageForPlatform (package:flutter_tools/src/application_package.dart:46:32)
<asynchronous suspension>
#8      FlutterDevice.runHot (package:flutter_tools/src/resident_runner.dart:345:56)
<asynchronous suspension>
#9      HotRunner.run (package:flutter_tools/src/run_hot.dart:253:39)
<asynchronous suspension>
#10     RunCommand.runCommand (package:flutter_tools/src/commands/run.dart:428:37)
<asynchronous suspension>
#11     FlutterCommand.verifyThenRunCommand (package:flutter_tools/src/runner/flutter_command.dart:559:18)
#12     _asyncThenWrapperHelper.<anonymous closure> (dart:async-patch/async_patch.dart:77:64)
#13     _rootRunUnary (dart:async/zone.dart:1132:38)
#14     _CustomZone.runUnary (dart:async/zone.dart:1029:19)
#15     _FutureListener.handleValue (dart:async/future_impl.dart:126:18)
#16     Future._propagateToListeners.handleValueCallback (dart:async/future_impl.dart:639:45)
#17     Future._propagateToListeners (dart:async/future_impl.dart:668:32)
#18     Future._complete (dart:async/future_impl.dart:473:7)
#19     _SyncCompleter.complete (dart:async/future_impl.dart:51:12)
#20     _AsyncAwaitCompleter.complete (dart:async-patch/async_patch.dart:28:18)
#21     _completeOnAsyncReturn (dart:async-patch/async_patch.dart:294:13)
#22     RunCommand.usageValues (package:flutter_tools/src/commands/run.dart)
#23     _asyncThenWrapperHelper.<anonymous closure> (dart:async-patch/async_patch.dart:77:64)
#24     _rootRunUnary (dart:async/zone.dart:1132:38)
#25     _CustomZone.runUnary (dart:async/zone.dart:1029:19)
#26     _FutureListener.handleValue (dart:async/future_impl.dart:126:18)
#27     Future._propagateToListeners.handleValueCallback (dart:async/future_impl.dart:639:45)
#28     Future._propagateToListeners (dart:async/future_impl.dart:668:32)
#29     Future._complete (dart:async/future_impl.dart:473:7)
#30     _SyncCompleter.complete (dart:async/future_impl.dart:51:12)
#31     _AsyncAwaitCompleter.complete.<anonymous closure> (dart:async-patch/async_patch.dart:33:20)
#32     _rootRun (dart:async/zone.dart:1124:13)
#33     _CustomZone.run (dart:async/zone.dart:1021:19)
#34     _CustomZone.bindCallback.<anonymous closure> (dart:async/zone.dart:947:23)
#35     _microtaskLoop (dart:async/schedule_microtask.dart:41:21)
#36     _startMicrotaskLoop (dart:async/schedule_microtask.dart:50:5)
#37     _runPendingImmediateCallback (dart:isolate-patch/isolate_patch.dart:115:13)
#38     _RawReceivePortImpl._handleMessage (dart:isolate-patch/isolate_patch.dart:172:5)
```

## flutter doctor

```
[✓] Flutter (Channel stable, v1.5.4-hotfix.2, on Microsoft Windows [Version 6.3.9600], locale en-US)
    • Flutter version 1.5.4-hotfix.2 at F:\flutter
    • Framework revision 7a4c33425d (5 months ago), 2019-04-29 11:05:24 -0700
    • Engine revision ca31a7c57b
    • Dart version 2.3.0 (build 2.3.0-dev.0.1 cf4444b803)

[✓] Android toolchain - develop for Android devices (Android SDK version 29.0.2)
    • Android SDK at C:\Users\Mohammed waseem\AppData\Local\Android\Sdk
    • Android NDK location not configured (optional; useful for native profiling support)
    • Platform android-29, build-tools 29.0.2
    • ANDROID_HOME = C:\Users\Mohammed waseem\AppData\Local\Android\Sdk
    • Java binary at: C:\android\jre\bin\java
    • Java version OpenJDK Runtime Environment (build 1.8.0_202-release-1483-b03)
    • All Android licenses accepted.

[✓] Android Studio (version 3.5)
    • Android Studio at C:\android
    • Flutter plugin version 39.0.3
    • Dart plugin version 191.8423
    • Java version OpenJDK Runtime Environment (build 1.8.0_202-release-1483-b03)

[✓] IntelliJ IDEA Community Edition (version 2019.2)
    • IntelliJ at C:\Program Files\JetBrains\IntelliJ IDEA Community Edition 2019.2
    • Flutter plugin version 39.0.4
    • Dart plugin version 192.6527

[✓] VS Code (version 1.38.1)
    • VS Code at C:\Users\Mohammed waseem\AppData\Local\Programs\Microsoft VS Code
    • Flutter extension version 3.4.1

[✓] Connected device (1 available)
    • Redmi Y1 Lite • 65dfce21 • android-arm64 • Android 7.1.2 (API 25)

• No issues found!
```
