Flutter crash report; please file at https://github.com/flutter/flutter/issues.

## command

flutter run

## exception

ProcessException: ProcessException: %1 is not a valid Win32 application.

  Command: C:\Users\Mohammed waseem\Desktop\shifa\shopapp_tut\android\gradlew.bat -v

```
#0      runAsync (package:flutter_tools/src/base/process.dart:232:33)
<asynchronous suspension>
#1      runCheckedAsync (package:flutter_tools/src/base/process.dart:248:34)
<asynchronous suspension>
#2      _initializeGradle (package:flutter_tools/src/android/gradle.dart:225:9)
<asynchronous suspension>
#3      _ensureGradle (package:flutter_tools/src/android/gradle.dart:206:37)
<asynchronous suspension>
#4      _readGradleProject (package:flutter_tools/src/android/gradle.dart:134:31)
<asynchronous suspension>
#5      _gradleProject (package:flutter_tools/src/android/gradle.dart:111:34)
<asynchronous suspension>
#6      getGradleAppOut (package:flutter_tools/src/android/gradle.dart:105:29)
<asynchronous suspension>
#7      AndroidApk.fromAndroidProject (package:flutter_tools/src/application_package.dart:154:23)
<asynchronous suspension>
#8      ApplicationPackageFactory.getPackageForPlatform (package:flutter_tools/src/application_package.dart:46:32)
<asynchronous suspension>
#9      FlutterDevice.runHot (package:flutter_tools/src/resident_runner.dart:345:56)
<asynchronous suspension>
#10     HotRunner.run (package:flutter_tools/src/run_hot.dart:253:39)
<asynchronous suspension>
#11     RunCommand.runCommand (package:flutter_tools/src/commands/run.dart:428:37)
<asynchronous suspension>
#12     FlutterCommand.verifyThenRunCommand (package:flutter_tools/src/runner/flutter_command.dart:559:18)
#13     _asyncThenWrapperHelper.<anonymous closure> (dart:async-patch/async_patch.dart:77:64)
#14     _rootRunUnary (dart:async/zone.dart:1132:38)
#15     _CustomZone.runUnary (dart:async/zone.dart:1029:19)
#16     _FutureListener.handleValue (dart:async/future_impl.dart:126:18)
#17     Future._propagateToListeners.handleValueCallback (dart:async/future_impl.dart:639:45)
#18     Future._propagateToListeners (dart:async/future_impl.dart:668:32)
#19     Future._complete (dart:async/future_impl.dart:473:7)
#20     _SyncCompleter.complete (dart:async/future_impl.dart:51:12)
#21     _AsyncAwaitCompleter.complete (dart:async-patch/async_patch.dart:28:18)
#22     _completeOnAsyncReturn (dart:async-patch/async_patch.dart:294:13)
#23     RunCommand.usageValues (package:flutter_tools/src/commands/run.dart)
#24     _asyncThenWrapperHelper.<anonymous closure> (dart:async-patch/async_patch.dart:77:64)
#25     _rootRunUnary (dart:async/zone.dart:1132:38)
#26     _CustomZone.runUnary (dart:async/zone.dart:1029:19)
#27     _FutureListener.handleValue (dart:async/future_impl.dart:126:18)
#28     Future._propagateToListeners.handleValueCallback (dart:async/future_impl.dart:639:45)
#29     Future._propagateToListeners (dart:async/future_impl.dart:668:32)
#30     Future._complete (dart:async/future_impl.dart:473:7)
#31     _SyncCompleter.complete (dart:async/future_impl.dart:51:12)
#32     _AsyncAwaitCompleter.complete.<anonymous closure> (dart:async-patch/async_patch.dart:33:20)
#33     _rootRun (dart:async/zone.dart:1124:13)
#34     _CustomZone.run (dart:async/zone.dart:1021:19)
#35     _CustomZone.bindCallback.<anonymous closure> (dart:async/zone.dart:947:23)
#36     _microtaskLoop (dart:async/schedule_microtask.dart:41:21)
#37     _startMicrotaskLoop (dart:async/schedule_microtask.dart:50:5)
#38     _runPendingImmediateCallback (dart:isolate-patch/isolate_patch.dart:115:13)
#39     _RawReceivePortImpl._handleMessage (dart:isolate-patch/isolate_patch.dart:172:5)
```

## flutter doctor

```
[✓] Flutter (Channel stable, v1.5.4-hotfix.2, on Microsoft Windows [Version 6.3.9600], locale en-US)
    • Flutter version 1.5.4-hotfix.2 at F:\flutter
    • Framework revision 7a4c33425d (5 months ago), 2019-04-29 11:05:24 -0700
    • Engine revision ca31a7c57b
    • Dart version 2.3.0 (build 2.3.0-dev.0.1 cf4444b803)

[✓] Android toolchain - develop for Android devices (Android SDK version 29.0.2)
    • Android SDK at C:\shifaprojects\Sdk
    • Android NDK location not configured (optional; useful for native profiling support)
    • Platform android-29, build-tools 29.0.2
    • ANDROID_HOME = C:\shifaprojects\Sdk
    • Java binary at: E:\androidstudio\jre\bin\java
    • Java version OpenJDK Runtime Environment (build 1.8.0_202-release-1483-b03)
    • All Android licenses accepted.

[✓] Android Studio (version 3.5)
    • Android Studio at E:\androidstudio
    • Flutter plugin version 39.0.3
    • Dart plugin version 191.8423
    • Java version OpenJDK Runtime Environment (build 1.8.0_202-release-1483-b03)

[✓] IntelliJ IDEA Community Edition (version 2019.2)
    • IntelliJ at C:\Program Files\JetBrains\IntelliJ IDEA Community Edition 2019.2
    • Flutter plugin version 39.0.4
    • Dart plugin version 192.6527

[✓] VS Code (version 1.38.1)
    • VS Code at C:\Users\Mohammed waseem\AppData\Local\Programs\Microsoft VS Code
    • Flutter extension version 3.4.1

[✓] Connected device (1 available)
    • Redmi Y1 Lite • 65dfce21 • android-arm64 • Android 7.1.2 (API 25)

• No issues found!
```
